0 info it worked if it ends with ok
1 verbose cli [ 'c:\\Program Files (x86)\\nodejs\\node.exe',
1 verbose cli   'c:\\Program Files (x86)\\nodejs\\node_modules\\npm\\bin\\npm-cli.js',
1 verbose cli   'install',
1 verbose cli   '-g' ]
2 info using npm@2.11.2
3 info using node@v0.12.6
4 verbose install initial load of C:\Users\gginghina\AppData\Roaming\npm\package.json
5 verbose readDependencies loading dependencies from C:\Users\gginghina\AppData\Roaming\npm\package.json
6 silly cache add args [ '.', null ]
7 verbose cache add spec .
8 silly cache add parsed spec { raw: '.',
8 silly cache add   scope: null,
8 silly cache add   name: null,
8 silly cache add   rawSpec: '.',
8 silly cache add   spec: 'c:\\work\\todo-grad-project\\server',
8 silly cache add   type: 'local' }
9 error addLocal Could not install c:\work\todo-grad-project\server
10 verbose stack Error: EISDIR, read
10 verbose stack     at Error (native)
11 verbose cwd c:\work\todo-grad-project\server
12 error Windows_NT 6.1.7601
13 error argv "c:\\Program Files (x86)\\nodejs\\node.exe" "c:\\Program Files (x86)\\nodejs\\node_modules\\npm\\bin\\npm-cli.js" "install" "-g"
14 error node v0.12.6
15 error npm  v2.11.2
16 error code EISDIR
17 error errno -4068
18 error EISDIR, read
19 error If you need help, you may report this error at:
19 error     <https://github.com/npm/npm/issues>
20 verbose exit [ -4068, true ]
